<?xml version="1.0" encoding="UTF-8"?>
<!-- Generated by org.testng.reporters.JUnitXMLReporter -->
<testsuite ignored="4" hostname="DESKTOP-FNPC0HE" failures="1" tests="2" name="OrderEditPageTest" time="65.451" errors="0" timestamp="2025-03-25T14:42:51 IST">
  <testcase classname="org.qa.gittracker.tests.OrderEditPageTest" name="testDriverInTransit" time="46.536">
    <failure type="org.openqa.selenium.ElementClickInterceptedException" message="element click intercepted: Element &amp;lt;a _ngcontent-bvh-c286=&amp;quot;&amp;quot; mat-button=&amp;quot;&amp;quot; class=&amp;quot;mat-focus-indicator pl-0 ng-tns-c286-2 mat-button mat-button-base mat-primary&amp;quot; aria-disabled=&amp;quot;false&amp;quot;&amp;gt;...&amp;lt;/a&amp;gt; is not clickable at point (312, 468). Other element would receive the click: &amp;lt;mat-dialog-content _ngcontent-bvh-c285=&amp;quot;&amp;quot; class=&amp;quot;mat-dialog-content&amp;quot;&amp;gt;...&amp;lt;/mat-dialog-content&amp;gt;
  (Session info: chrome=134.0.6998.165)
Build info: version: &amp;apos;4.27.0&amp;apos;, revision: &amp;apos;d6e718d134&amp;apos;
System info: os.name: &amp;apos;Windows 11&amp;apos;, os.arch: &amp;apos;amd64&amp;apos;, os.version: &amp;apos;10.0&amp;apos;, java.version: &amp;apos;19.0.2&amp;apos;
Driver info: org.openqa.selenium.chrome.ChromeDriver
Command: [3e021834db4b667b2991b363cf039457, clickElement {id=f.B08EF2C650E4686C7256288B55A6A20C.d.58611DE49DB937ACA2DBCEA5E82578DB.e.202}]
Capabilities {acceptInsecureCerts: false, browserName: chrome, browserVersion: 134.0.6998.165, chrome: {chromedriverVersion: 134.0.6998.165 (fd886e2cb29..., userDataDir: C:\Users\User\AppData\Local...}, fedcm:accounts: true, goog:chromeOptions: {debuggerAddress: localhost:54659}, networkConnectionEnabled: false, pageLoadStrategy: normal, platformName: windows, proxy: Proxy(), se:cdp: ws://localhost:54659/devtoo..., se:cdpVersion: 134.0.6998.165, setWindowRect: true, strictFileInteractability: false, timeouts: {implicit: 0, pageLoad: 300000, script: 30000}, unhandledPromptBehavior: dismiss and notify, webauthn:extension:credBlob: true, webauthn:extension:largeBlob: true, webauthn:extension:minPinLength: true, webauthn:extension:prf: true, webauthn:virtualAuthenticators: true}
Element: [[ChromeDriver: chrome on windows (3e021834db4b667b2991b363cf039457)] -&amp;gt; xpath: (//mat-table[@role=&amp;apos;table&amp;apos;]//a)[3]]
Session ID: 3e021834db4b667b2991b363cf039457">
      <![CDATA[org.openqa.selenium.ElementClickInterceptedException: element click intercepted: Element <a _ngcontent-bvh-c286="" mat-button="" class="mat-focus-indicator pl-0 ng-tns-c286-2 mat-button mat-button-base mat-primary" aria-disabled="false">...</a> is not clickable at point (312, 468). Other element would receive the click: <mat-dialog-content _ngcontent-bvh-c285="" class="mat-dialog-content">...</mat-dialog-content>
  (Session info: chrome=134.0.6998.165)
Build info: version: '4.27.0', revision: 'd6e718d134'
System info: os.name: 'Windows 11', os.arch: 'amd64', os.version: '10.0', java.version: '19.0.2'
Driver info: org.openqa.selenium.chrome.ChromeDriver
Command: [3e021834db4b667b2991b363cf039457, clickElement {id=f.B08EF2C650E4686C7256288B55A6A20C.d.58611DE49DB937ACA2DBCEA5E82578DB.e.202}]
Capabilities {acceptInsecureCerts: false, browserName: chrome, browserVersion: 134.0.6998.165, chrome: {chromedriverVersion: 134.0.6998.165 (fd886e2cb29..., userDataDir: C:\Users\User\AppData\Local...}, fedcm:accounts: true, goog:chromeOptions: {debuggerAddress: localhost:54659}, networkConnectionEnabled: false, pageLoadStrategy: normal, platformName: windows, proxy: Proxy(), se:cdp: ws://localhost:54659/devtoo..., se:cdpVersion: 134.0.6998.165, setWindowRect: true, strictFileInteractability: false, timeouts: {implicit: 0, pageLoad: 300000, script: 30000}, unhandledPromptBehavior: dismiss and notify, webauthn:extension:credBlob: true, webauthn:extension:largeBlob: true, webauthn:extension:minPinLength: true, webauthn:extension:prf: true, webauthn:virtualAuthenticators: true}
Element: [[ChromeDriver: chrome on windows (3e021834db4b667b2991b363cf039457)] -> xpath: (//mat-table[@role='table']//a)[3]]
Session ID: 3e021834db4b667b2991b363cf039457
at org.openqa.selenium.remote.ErrorCodec.decode(ErrorCodec.java:167)
at org.openqa.selenium.remote.codec.w3c.W3CHttpResponseCodec.decode(W3CHttpResponseCodec.java:138)
at org.openqa.selenium.remote.codec.w3c.W3CHttpResponseCodec.decode(W3CHttpResponseCodec.java:50)
at org.openqa.selenium.remote.HttpCommandExecutor.execute(HttpCommandExecutor.java:190)
at org.openqa.selenium.remote.service.DriverCommandExecutor.invokeExecute(DriverCommandExecutor.java:216)
at org.openqa.selenium.remote.service.DriverCommandExecutor.execute(DriverCommandExecutor.java:174)
at org.openqa.selenium.remote.RemoteWebDriver.execute(RemoteWebDriver.java:545)
at org.openqa.selenium.remote.RemoteWebElement.execute(RemoteWebElement.java:223)
at org.openqa.selenium.remote.RemoteWebElement.click(RemoteWebElement.java:76)
at org.qa.gritracker.pages.OrderEditPage.driverInTransit(OrderEditPage.java:188)
at org.qa.gittracker.tests.OrderEditPageTest.testDriverInTransit(OrderEditPageTest.java:44)
at java.base/java.util.ArrayList.forEach(ArrayList.java:1511)
... Removed 31 stack frames]]>
    </failure>
  </testcase> <!-- testDriverInTransit -->
  <testcase classname="org.qa.gittracker.tests.OrderEditPageTest" name="testVechileInTransit" time="8.586"/>
  <testcase classname="org.qa.gittracker.tests.OrderEditPageTest" name="testDispatchEvent" time="0.0">
    <ignored/>
  </testcase> <!-- testDispatchEvent -->
  <testcase classname="org.qa.gittracker.tests.OrderEditPageTest" name="testInTransit" time="0.0">
    <ignored/>
  </testcase> <!-- testInTransit -->
  <testcase classname="org.qa.gittracker.tests.OrderEditPageTest" name="testRequested" time="0.0">
    <ignored/>
  </testcase> <!-- testRequested -->
  <testcase classname="org.qa.gittracker.tests.OrderEditPageTest" name="testDelivered" time="0.0">
    <ignored/>
  </testcase> <!-- testDelivered -->
</testsuite> <!-- OrderEditPageTest -->
