<?xml version="1.0" encoding="UTF-8"?>
<!-- Generated by org.testng.reporters.JUnitXMLReporter -->
<testsuite ignored="0" hostname="DESKTOP-FNPC0HE" failures="1" tests="2" name="OrderRequestPageTest" time="67.504" errors="0" timestamp="2025-04-15T10:50:17 IST">
  <testcase classname="org.qa.customer.tests.OrderRequestPageTest" name="verifyCreatingOrderRequest" time="9.329"/>
  <testcase classname="org.qa.customer.tests.OrderRequestPageTest" name="sendRequest" time="44.877">
    <failure type="org.openqa.selenium.TimeoutException" message="Expected condition failed: waiting for visibility of element located by By.xpath: //div[text()=&amp;apos; Order Request Submitted Successfully &amp;apos;] (tried for 30 second(s) with 5000 milliseconds interval)
Build info: version: &amp;apos;4.27.0&amp;apos;, revision: &amp;apos;d6e718d134&amp;apos;
System info: os.name: &amp;apos;Windows 11&amp;apos;, os.arch: &amp;apos;amd64&amp;apos;, os.version: &amp;apos;10.0&amp;apos;, java.version: &amp;apos;19.0.2&amp;apos;
Driver info: driver.version: unknown">
      <![CDATA[org.openqa.selenium.TimeoutException: Expected condition failed: waiting for visibility of element located by By.xpath: //div[text()=' Order Request Submitted Successfully '] (tried for 30 second(s) with 5000 milliseconds interval)
Build info: version: '4.27.0', revision: 'd6e718d134'
System info: os.name: 'Windows 11', os.arch: 'amd64', os.version: '10.0', java.version: '19.0.2'
Driver info: driver.version: unknown
at org.openqa.selenium.support.ui.FluentWait.timeoutException(FluentWait.java:265)
at org.openqa.selenium.support.ui.FluentWait.until(FluentWait.java:228)
at org.qa.gittracker.utils.ElementUtil.fluentWaitPresenceOfWebElement(ElementUtil.java:58)
at org.qa.gittracker.utils.ElementUtil.getWebelement(ElementUtil.java:93)
at org.qa.customer.pages.OrderRequestPage.getSuccessMessage(OrderRequestPage.java:89)
at org.qa.customer.tests.OrderRequestPageTest.sendRequest(OrderRequestPageTest.java:27)
at java.base/java.util.ArrayList.forEach(ArrayList.java:1511)
... Removed 28 stack frames]]>
    </failure>
  </testcase> <!-- sendRequest -->
</testsuite> <!-- OrderRequestPageTest -->
